{
  "RSpec": {
    "coverage": {
      "/Users/meaganwaller/ttt_tdd/lib/ttt.rb": [
        1,
        1
      ],
      "/Users/meaganwaller/ttt_tdd/lib/ttt/board.rb": [
        1,
        1,
        1,
        null,
        1,
        100,
        null,
        null,
        1,
        8,
        null,
        null,
        1,
        12,
        null,
        null,
        1,
        1,
        null,
        null,
        1,
        1,
        null,
        null,
        1,
        20,
        null,
        null,
        1,
        1,
        0,
        null,
        null,
        null,
        null
      ]
    },
    "timestamp": 1369327753
  }
}
